	7 # Pilas
	 Before Draw (45)
2 
	 After Draw(44)
10 2 
	7 # Pilas
	 Before Draw (44)
6 
	 After Draw(43)
10 6 
	7 # Pilas
	 Before Draw (43)
5 
	 After Draw(42)
4 5 
	7 # Pilas
	 Before Draw (42)
10 
	 After Draw(41)
5 10 
	7 # Pilas
	 Before Draw (41)
10 
	 After Draw(40)
10 10 
	7 # Pilas
	 Before Draw (40)
4 
	 After Draw(39)
4 4 
	7 # Pilas
	 Before Draw (39)
10 
	 After Draw(38)
5 10 
	7 # Pilas
	 Before Draw (38)
10 2 
	 After Draw(37)
10 10 2 
	7 # Pilas
	 Before Draw (37)
10 6 
	 After Draw(36)
9 10 6 
	7 # Pilas
	 Before Draw (36)
4 5 
	 After Draw(35)
7 4 5 
	7 # Pilas
	 Before Draw (35)
5 10 
	 After Draw(34)
6 5 10 
	7 # Pilas
	 Before Draw (34)
10 10 
	 After Draw(33)
1 10 10 
	7 # Pilas
	 Before Draw (33)
4 4 
	 After Draw(32)
7 4 4 
	7 # Pilas
	 Before Draw (32)
5 10 
	 After Draw(31)
6 5 10 
	7 # Pilas
	 Before Draw (31)
10 10 2 
	 After Draw(30)
9 10 10 2 
	7 # Pilas
	 Before Draw (30)
9 10 6 
	 After Draw(29)
5 9 10 6 
#1 Number matched with 5 9 6
	7 # Pilas
	 Before Draw (32)
7 4 5 
	 After Draw(31)
3 7 4 5 
	7 # Pilas
	 Before Draw (31)
6 5 10 
	 After Draw(30)
10 6 5 10 
	7 # Pilas
	 Before Draw (30)
1 10 10 
	 After Draw(29)
10 1 10 10 
#2 Number matched with 10 10 10
	7 # Pilas
	 Before Draw (32)
7 4 4 
	 After Draw(31)
4 7 4 4 
	7 # Pilas
	 Before Draw (31)
6 5 10 
	 After Draw(30)
10 6 5 10 
	7 # Pilas
	 Before Draw (30)
9 10 10 2 
	 After Draw(29)
9 9 10 10 2 
#1 Number matched with 9 9 2
	7 # Pilas
	 Before Draw (32)
10 
	 After Draw(31)
2 10 
	7 # Pilas
	 Before Draw (31)
3 7 4 5 
	 After Draw(30)
1 3 7 4 5 
#2 Number matched with 1 4 5
	7 # Pilas
	 Before Draw (33)
10 6 5 10 
	 After Draw(32)
10 10 6 5 10 
#1 Number matched with 10 10 10
	7 # Pilas
	 Before Draw (35)
1 
	 After Draw(34)
1 1 
	7 # Pilas
	 Before Draw (34)
4 7 4 4 
	 After Draw(33)
10 4 7 4 4 
	7 # Pilas
	 Before Draw (33)
10 6 5 10 
	 After Draw(32)
10 10 6 5 10 
#1 Number matched with 10 10 10
	7 # Pilas
	 Before Draw (35)
10 10 
	 After Draw(34)
10 10 10 
#1 Number matched with 10 10 10
	6 # Pilas
	 Before Draw (37)
2 10 
	 After Draw(36)
3 2 10 
	6 # Pilas
	 Before Draw (36)
3 7 
	 After Draw(35)
10 3 7 
#1 Number matched with 10 3 7
	5 # Pilas
	 Before Draw (38)
6 5 
	 After Draw(37)
9 6 5 
#1 Number matched with 9 6 5
	4 # Pilas
	 Before Draw (40)
1 1 
	 After Draw(39)
8 1 1 
#1 Number matched with 8 1 1
	3 # Pilas
	 Before Draw (42)
10 4 7 4 4 
	 After Draw(41)
10 10 4 7 4 4 
	3 # Pilas
	 Before Draw (41)
6 5 
	 After Draw(40)
8 6 5 
	3 # Pilas
	 Before Draw (40)
3 2 10 
	 After Draw(39)
7 3 2 10 
#1 Number matched with 7 3 10
	3 # Pilas
	 Before Draw (42)
10 10 4 7 4 4 
	 After Draw(41)
1 10 10 4 7 4 4 
	3 # Pilas
	 Before Draw (41)
8 6 5 
	 After Draw(40)
2 8 6 5 
	3 # Pilas
	 Before Draw (40)
2 
	 After Draw(39)
8 2 
	3 # Pilas
	 Before Draw (39)
1 10 10 4 7 4 4 
	 After Draw(38)
6 1 10 10 4 7 4 4 
	3 # Pilas
	 Before Draw (38)
2 8 6 5 
	 After Draw(37)
7 2 8 6 5 
	3 # Pilas
	 Before Draw (37)
8 2 
	 After Draw(36)
3 8 2 
	3 # Pilas
	 Before Draw (36)
6 1 10 10 4 7 4 4 
	 After Draw(35)
3 6 1 10 10 4 7 4 4 
	3 # Pilas
	 Before Draw (35)
7 2 8 6 5 
	 After Draw(34)
8 7 2 8 6 5 
#1 Number matched with 8 7 5
	3 # Pilas
	 Before Draw (37)
3 8 2 
	 After Draw(36)
2 3 8 2 
	3 # Pilas
	 Before Draw (36)
3 6 1 10 10 4 7 4 4 
	 After Draw(35)
5 3 6 1 10 10 4 7 4 4 
	3 # Pilas
	 Before Draw (35)
2 8 6 
	 After Draw(34)
9 2 8 6 
	3 # Pilas
	 Before Draw (34)
2 3 8 2 
	 After Draw(33)
6 2 3 8 2 
#1 Number matched with 6 2 2
	3 # Pilas
	 Before Draw (36)
5 3 6 1 10 10 4 7 4 4 
	 After Draw(35)
10 5 3 6 1 10 10 4 7 4 4 
	3 # Pilas
	 Before Draw (35)
9 2 8 6 
	 After Draw(34)
10 9 2 8 6 
	3 # Pilas
	 Before Draw (34)
3 8 
	 After Draw(33)
10 3 8 
	3 # Pilas
	 Before Draw (33)
10 5 3 6 1 10 10 4 7 4 4 
	 After Draw(32)
9 10 5 3 6 1 10 10 4 7 4 4 
	3 # Pilas
	 Before Draw (32)
10 9 2 8 6 
	 After Draw(31)
9 10 9 2 8 6 
	3 # Pilas
	 Before Draw (31)
10 3 8 
	 After Draw(30)
2 10 3 8 
#1 Number matched with 2 10 8
	3 # Pilas
	 Before Draw (33)
9 10 5 3 6 1 10 10 4 7 4 4 
	 After Draw(32)
1 9 10 5 3 6 1 10 10 4 7 4 4 
	3 # Pilas
	 Before Draw (32)
9 10 9 2 8 6 
	 After Draw(31)
4 9 10 9 2 8 6 
	3 # Pilas
	 Before Draw (31)
3 
	 After Draw(30)
5 3 
	3 # Pilas
	 Before Draw (30)
1 9 10 5 3 6 1 10 10 4 7 4 4 
	 After Draw(29)
10 1 9 10 5 3 6 1 10 10 4 7 4 4 
	3 # Pilas
	 Before Draw (29)
4 9 10 9 2 8 6 
	 After Draw(28)
10 4 9 10 9 2 8 6 
#1 Number matched with 10 4 6
	3 # Pilas
	 Before Draw (31)
5 3 
	 After Draw(30)
10 5 3 
	3 # Pilas
	 Before Draw (30)
10 1 9 10 5 3 6 1 10 10 4 7 4 4 
	 After Draw(29)
10 10 1 9 10 5 3 6 1 10 10 4 7 4 4 
	3 # Pilas
	 Before Draw (29)
9 10 9 2 8 
	 After Draw(28)
10 9 10 9 2 8 
#2 Number matched with 10 2 8
	3 # Pilas
	 Before Draw (31)
10 5 3 
	 After Draw(30)
10 10 5 3 
	3 # Pilas
	 Before Draw (30)
10 10 1 9 10 5 3 6 1 10 10 4 7 4 4 
	 After Draw(29)
10 10 10 1 9 10 5 3 6 1 10 10 4 7 4 4 
	3 # Pilas
	 Before Draw (29)
9 10 9 
	 After Draw(28)
10 9 10 9 
	3 # Pilas
	 Before Draw (28)
10 10 5 3 
	 After Draw(27)
10 10 10 5 3 
	3 # Pilas
	 Before Draw (27)
10 10 10 1 9 10 5 3 6 1 10 10 4 7 4 4 
	 After Draw(26)
10 10 10 10 1 9 10 5 3 6 1 10 10 4 7 4 4 
	3 # Pilas
	 Before Draw (26)
10 9 10 9 
	 After Draw(25)
3 10 9 10 9 
	3 # Pilas
	 Before Draw (25)
10 10 10 5 3 
	 After Draw(24)
7 10 10 10 5 3 
#1 Number matched with 7 10 3
	3 # Pilas
	 Before Draw (27)
10 10 10 10 1 9 10 5 3 6 1 10 10 4 7 4 4 
	 After Draw(26)
9 10 10 10 10 1 9 10 5 3 6 1 10 10 4 7 4 4 
	3 # Pilas
	 Before Draw (26)
3 10 9 10 9 
	 After Draw(25)
6 3 10 9 10 9 
	3 # Pilas
	 Before Draw (25)
10 10 5 
	 After Draw(24)
5 10 10 5 
#1 Number matched with 5 10 5
	3 # Pilas
	 Before Draw (27)
9 10 10 10 10 1 9 10 5 3 6 1 10 10 4 7 4 4 
	 After Draw(26)
8 9 10 10 10 10 1 9 10 5 3 6 1 10 10 4 7 4 4 
	3 # Pilas
	 Before Draw (26)
6 3 10 9 10 9 
	 After Draw(25)
1 6 3 10 9 10 9 
#2 Number matched with 1 10 9
	3 # Pilas
	 Before Draw (28)
10 
	 After Draw(27)
1 10 
	3 # Pilas
	 Before Draw (27)
8 9 10 10 10 10 1 9 10 5 3 6 1 10 10 4 7 4 4 
	 After Draw(26)
7 8 9 10 10 10 10 1 9 10 5 3 6 1 10 10 4 7 4 4 
	3 # Pilas
	 Before Draw (26)
6 3 10 9 
	 After Draw(25)
3 6 3 10 9 
	3 # Pilas
	 Before Draw (25)
1 10 
	 After Draw(24)
10 1 10 
	3 # Pilas
	 Before Draw (24)
7 8 9 10 10 10 10 1 9 10 5 3 6 1 10 10 4 7 4 4 
	 After Draw(23)
8 7 8 9 10 10 10 10 1 9 10 5 3 6 1 10 10 4 7 4 4 
	3 # Pilas
	 Before Draw (23)
3 6 3 10 9 
	 After Draw(22)
7 3 6 3 10 9 
	3 # Pilas
	 Before Draw (22)
10 1 10 
	 After Draw(21)
5 10 1 10 
	3 # Pilas
	 Before Draw (21)
8 7 8 9 10 10 10 10 1 9 10 5 3 6 1 10 10 4 7 4 4 
	 After Draw(20)
6 8 7 8 9 10 10 10 10 1 9 10 5 3 6 1 10 10 4 7 4 4 
	3 # Pilas
	 Before Draw (20)
7 3 6 3 10 9 
	 After Draw(19)
2 7 3 6 3 10 9 
	3 # Pilas
	 Before Draw (19)
5 10 1 10 
	 After Draw(18)
2 5 10 1 10 
	3 # Pilas
	 Before Draw (18)
6 8 7 8 9 10 10 10 10 1 9 10 5 3 6 1 10 10 4 7 4 4 
	 After Draw(17)
2 6 8 7 8 9 10 10 10 10 1 9 10 5 3 6 1 10 10 4 7 4 4 
#2 Number matched with 2 4 4
	3 # Pilas
	 Before Draw (20)
2 7 3 6 3 10 9 
	 After Draw(19)
10 2 7 3 6 3 10 9 
	3 # Pilas
	 Before Draw (19)
2 5 10 1 10 
	 After Draw(18)
8 2 5 10 1 10 
#1 Number matched with 8 2 10
	3 # Pilas
	 Before Draw (21)
6 8 7 8 9 10 10 10 10 1 9 10 5 3 6 1 10 10 4 7 
	 After Draw(20)
10 6 8 7 8 9 10 10 10 10 1 9 10 5 3 6 1 10 10 4 7 
	3 # Pilas
	 Before Draw (20)
10 2 7 3 6 3 10 9 
	 After Draw(19)
4 10 2 7 3 6 3 10 9 
	3 # Pilas
	 Before Draw (19)
5 10 1 
	 After Draw(18)
6 5 10 1 
	3 # Pilas
	 Before Draw (18)
10 6 8 7 8 9 10 10 10 10 1 9 10 5 3 6 1 10 10 4 7 
	 After Draw(17)
10 10 6 8 7 8 9 10 10 10 10 1 9 10 5 3 6 1 10 10 4 7 
	3 # Pilas
	 Before Draw (17)
4 10 2 7 3 6 3 10 9 
	 After Draw(16)
2 4 10 2 7 3 6 3 10 9 
	3 # Pilas
	 Before Draw (16)
6 5 10 1 
	 After Draw(15)
8 6 5 10 1 
	3 # Pilas
	 Before Draw (15)
10 10 6 8 7 8 9 10 10 10 10 1 9 10 5 3 6 1 10 10 4 7 
	 After Draw(14)
7 10 10 6 8 7 8 9 10 10 10 10 1 9 10 5 3 6 1 10 10 4 7 
	3 # Pilas
	 Before Draw (14)
2 4 10 2 7 3 6 3 10 9 
	 After Draw(13)
10 2 4 10 2 7 3 6 3 10 9 
	3 # Pilas
	 Before Draw (13)
8 6 5 10 1 
	 After Draw(12)
3 8 6 5 10 1 
	3 # Pilas
	 Before Draw (12)
7 10 10 6 8 7 8 9 10 10 10 10 1 9 10 5 3 6 1 10 10 4 7 
	 After Draw(11)
5 7 10 10 6 8 7 8 9 10 10 10 10 1 9 10 5 3 6 1 10 10 4 7 
	3 # Pilas
	 Before Draw (11)
10 2 4 10 2 7 3 6 3 10 9 
	 After Draw(10)
10 10 2 4 10 2 7 3 6 3 10 9 
	3 # Pilas
	 Before Draw (10)
3 8 6 5 10 1 
	 After Draw(9)
5 3 8 6 5 10 1 
	3 # Pilas
	 Before Draw (9)
5 7 10 10 6 8 7 8 9 10 10 10 10 1 9 10 5 3 6 1 10 10 4 7 
	 After Draw(8)
1 5 7 10 10 6 8 7 8 9 10 10 10 10 1 9 10 5 3 6 1 10 10 4 7 
	3 # Pilas
	 Before Draw (8)
10 10 2 4 10 2 7 3 6 3 10 9 
	 After Draw(7)
10 10 10 2 4 10 2 7 3 6 3 10 9 
	3 # Pilas
	 Before Draw (7)
5 3 8 6 5 10 1 
	 After Draw(6)
9 5 3 8 6 5 10 1 
#2 Number matched with 9 10 1
	3 # Pilas
	 Before Draw (9)
1 5 7 10 10 6 8 7 8 9 10 10 10 10 1 9 10 5 3 6 1 10 10 4 7 
	 After Draw(8)
2 1 5 7 10 10 6 8 7 8 9 10 10 10 10 1 9 10 5 3 6 1 10 10 4 7 
#1 Number matched with 2 1 7
	3 # Pilas
	 Before Draw (11)
10 10 10 2 4 10 2 7 3 6 3 10 9 
	 After Draw(10)
4 10 10 10 2 4 10 2 7 3 6 3 10 9 
	3 # Pilas
	 Before Draw (10)
5 3 8 6 5 
	 After Draw(9)
4 5 3 8 6 5 
	3 # Pilas
	 Before Draw (9)
5 7 10 10 6 8 7 8 9 10 10 10 10 1 9 10 5 3 6 1 10 10 4 
	 After Draw(8)
8 5 7 10 10 6 8 7 8 9 10 10 10 10 1 9 10 5 3 6 1 10 10 4 
	3 # Pilas
	 Before Draw (8)
4 10 10 10 2 4 10 2 7 3 6 3 10 9 
	 After Draw(7)
2 4 10 10 10 2 4 10 2 7 3 6 3 10 9 
	3 # Pilas
	 Before Draw (7)
4 5 3 8 6 5 
	 After Draw(6)
10 4 5 3 8 6 5 
	3 # Pilas
	 Before Draw (6)
8 5 7 10 10 6 8 7 8 9 10 10 10 10 1 9 10 5 3 6 1 10 10 4 
	 After Draw(5)
9 8 5 7 10 10 6 8 7 8 9 10 10 10 10 1 9 10 5 3 6 1 10 10 4 
	3 # Pilas
	 Before Draw (5)
2 4 10 10 10 2 4 10 2 7 3 6 3 10 9 
	 After Draw(4)
10 2 4 10 10 10 2 4 10 2 7 3 6 3 10 9 
	3 # Pilas
	 Before Draw (4)
10 4 5 3 8 6 5 
	 After Draw(3)
1 10 4 5 3 8 6 5 
	3 # Pilas
	 Before Draw (3)
9 8 5 7 10 10 6 8 7 8 9 10 10 10 10 1 9 10 5 3 6 1 10 10 4 
	 After Draw(2)
2 9 8 5 7 10 10 6 8 7 8 9 10 10 10 10 1 9 10 5 3 6 1 10 10 4 
	3 # Pilas
	 Before Draw (2)
10 2 4 10 10 10 2 4 10 2 7 3 6 3 10 9 
	 After Draw(1)
1 10 2 4 10 10 10 2 4 10 2 7 3 6 3 10 9 
#1 Number matched with 1 10 9
	3 # Pilas
	 Before Draw (4)
1 10 4 5 3 8 6 5 
	 After Draw(3)
7 1 10 4 5 3 8 6 5 
	3 # Pilas
	 Before Draw (3)
2 9 8 5 7 10 10 6 8 7 8 9 10 10 10 10 1 9 10 5 3 6 1 10 10 4 
	 After Draw(2)
1 2 9 8 5 7 10 10 6 8 7 8 9 10 10 10 10 1 9 10 5 3 6 1 10 10 4 
	3 # Pilas
	 Before Draw (2)
2 4 10 10 10 2 4 10 2 7 3 6 3 10 
	 After Draw(1)
10 2 4 10 10 10 2 4 10 2 7 3 6 3 10 
	3 # Pilas
	 Before Draw (1)
7 1 10 4 5 3 8 6 5 
	 After Draw(0)
9 7 1 10 4 5 3 8 6 5 
#2 Number matched with 9 6 5
	3 # Pilas
	 Before Draw (3)
1 2 9 8 5 7 10 10 6 8 7 8 9 10 10 10 10 1 9 10 5 3 6 1 10 10 4 
	 After Draw(2)
9 1 2 9 8 5 7 10 10 6 8 7 8 9 10 10 10 10 1 9 10 5 3 6 1 10 10 4 
	3 # Pilas
	 Before Draw (2)
10 2 4 10 10 10 2 4 10 2 7 3 6 3 10 
	 After Draw(1)
6 10 2 4 10 10 10 2 4 10 2 7 3 6 3 10 
	3 # Pilas
	 Before Draw (1)
7 1 10 4 5 3 8 
	 After Draw(0)
5 7 1 10 4 5 3 8 
#1 Number matched with 5 7 8
	3 # Pilas
	 Before Draw (3)
9 1 2 9 8 5 7 10 10 6 8 7 8 9 10 10 10 10 1 9 10 5 3 6 1 10 10 4 
	 After Draw(2)
5 9 1 2 9 8 5 7 10 10 6 8 7 8 9 10 10 10 10 1 9 10 5 3 6 1 10 10 4 
	3 # Pilas
	 Before Draw (2)
6 10 2 4 10 10 10 2 4 10 2 7 3 6 3 10 
	 After Draw(1)
7 6 10 2 4 10 10 10 2 4 10 2 7 3 6 3 10 
#2 Number matched with 7 3 10
	3 # Pilas
	 Before Draw (4)
1 10 4 5 3 
	 After Draw(3)
8 1 10 4 5 3 
	3 # Pilas
	 Before Draw (3)
5 9 1 2 9 8 5 7 10 10 6 8 7 8 9 10 10 10 10 1 9 10 5 3 6 1 10 10 4 
	 After Draw(2)
7 5 9 1 2 9 8 5 7 10 10 6 8 7 8 9 10 10 10 10 1 9 10 5 3 6 1 10 10 4 
	3 # Pilas
	 Before Draw (2)
6 10 2 4 10 10 10 2 4 10 2 7 3 6 
	 After Draw(1)
3 6 10 2 4 10 10 10 2 4 10 2 7 3 6 
	3 # Pilas
	 Before Draw (1)
8 1 10 4 5 3 
	 After Draw(0)
10 8 1 10 4 5 3 
	3 # Pilas
	 Before Draw (0)
7 5 9 1 2 9 8 5 7 10 10 6 8 7 8 9 10 10 10 10 1 9 10 5 3 6 1 10 10 4 
	 After Draw(18446744073709551615)
4 7 5 9 1 2 9 8 5 7 10 10 6 8 7 8 9 10 10 10 10 1 9 10 5 3 6 1 10 10 4 
	3 # Pilas
	 Before Draw (18446744073709551615)
3 6 10 2 4 10 10 10 2 4 10 2 7 3 6 
	 After Draw(18446744073709551614)
10 3 6 10 2 4 10 10 10 2 4 10 2 7 3 6 
	3 # Pilas
	 Before Draw (18446744073709551614)
10 8 1 10 4 5 3 
	 After Draw(18446744073709551613)
10 10 8 1 10 4 5 3 
	3 # Pilas
	 Before Draw (18446744073709551613)
4 7 5 9 1 2 9 8 5 7 10 10 6 8 7 8 9 10 10 10 10 1 9 10 5 3 6 1 10 10 4 
	 After Draw(18446744073709551612)
10 4 7 5 9 1 2 9 8 5 7 10 10 6 8 7 8 9 10 10 10 10 1 9 10 5 3 6 1 10 10 4 
	3 # Pilas
	 Before Draw (18446744073709551612)
10 3 6 10 2 4 10 10 10 2 4 10 2 7 3 6 
	 After Draw(18446744073709551611)
4 10 3 6 10 2 4 10 10 10 2 4 10 2 7 3 6 
#1 Number matched with 4 10 6
	3 # Pilas
	 Before Draw (18446744073709551614)
10 10 8 1 10 4 5 3 
	 After Draw(18446744073709551613)
5 10 10 8 1 10 4 5 3 
	3 # Pilas
	 Before Draw (18446744073709551613)
10 4 7 5 9 1 2 9 8 5 7 10 10 6 8 7 8 9 10 10 10 10 1 9 10 5 3 6 1 10 10 4 
	 After Draw(18446744073709551612)
10 10 4 7 5 9 1 2 9 8 5 7 10 10 6 8 7 8 9 10 10 10 10 1 9 10 5 3 6 1 10 10 4 
	3 # Pilas
	 Before Draw (18446744073709551612)
3 6 10 2 4 10 10 10 2 4 10 2 7 3 
	 After Draw(18446744073709551611)
4 3 6 10 2 4 10 10 10 2 4 10 2 7 3 
#1 Number matched with 4 3 3
	3 # Pilas
	 Before Draw (18446744073709551614)
5 10 10 8 1 10 4 5 3 
	 After Draw(18446744073709551613)
5 5 10 10 8 1 10 4 5 3 
	3 # Pilas
	 Before Draw (18446744073709551613)
10 10 4 7 5 9 1 2 9 8 5 7 10 10 6 8 7 8 9 10 10 10 10 1 9 10 5 3 6 1 10 10 4 
	 After Draw(18446744073709551612)
10 10 10 4 7 5 9 1 2 9 8 5 7 10 10 6 8 7 8 9 10 10 10 10 1 9 10 5 3 6 1 10 10 4 
	3 # Pilas
	 Before Draw (18446744073709551612)
6 10 2 4 10 10 10 2 4 10 2 7 
	 After Draw(18446744073709551611)
9 6 10 2 4 10 10 10 2 4 10 2 7 
	3 # Pilas
	 Before Draw (18446744073709551611)
5 5 10 10 8 1 10 4 5 3 
	 After Draw(18446744073709551610)
7 5 5 10 10 8 1 10 4 5 3 
	3 # Pilas
	 Before Draw (18446744073709551610)
10 10 10 4 7 5 9 1 2 9 8 5 7 10 10 6 8 7 8 9 10 10 10 10 1 9 10 5 3 6 1 10 10 4 
	 After Draw(18446744073709551609)
6 10 10 10 4 7 5 9 1 2 9 8 5 7 10 10 6 8 7 8 9 10 10 10 10 1 9 10 5 3 6 1 10 10 4 
#1 Number matched with 6 10 4
#1 Number matched with 10 10 10
	3 # Pilas
	 Before Draw (18446744073709551615)
9 6 10 2 4 10 10 10 2 4 10 2 7 
	 After Draw(18446744073709551614)
1 9 6 10 2 4 10 10 10 2 4 10 2 7 
#2 Number matched with 1 2 7
	3 # Pilas
	 Before Draw (1)
7 5 5 10 10 8 1 10 4 5 3 
	 After Draw(0)
7 7 5 5 10 10 8 1 10 4 5 3 
	3 # Pilas
	 Before Draw (0)
4 7 5 9 1 2 9 8 5 7 10 10 6 8 7 8 9 10 10 10 10 1 9 10 5 3 6 1 10 
	 After Draw(18446744073709551615)
6 4 7 5 9 1 2 9 8 5 7 10 10 6 8 7 8 9 10 10 10 10 1 9 10 5 3 6 1 10 
#1 Number matched with 6 4 10
#3 Number matched with 3 6 1
	3 # Pilas
	 Before Draw (5)
9 6 10 2 4 10 10 10 2 4 10 
	 After Draw(4)
4 9 6 10 2 4 10 10 10 2 4 10 
	3 # Pilas
	 Before Draw (4)
7 7 5 5 10 10 8 1 10 4 5 3 
	 After Draw(3)
10 7 7 5 5 10 10 8 1 10 4 5 3 
#1 Number matched with 10 7 3
	3 # Pilas
	 Before Draw (6)
7 5 9 1 2 9 8 5 7 10 10 6 8 7 8 9 10 10 10 10 1 9 10 5 
	 After Draw(5)
3 7 5 9 1 2 9 8 5 7 10 10 6 8 7 8 9 10 10 10 10 1 9 10 5 
	3 # Pilas
	 Before Draw (5)
4 9 6 10 2 4 10 10 10 2 4 10 
	 After Draw(4)
6 4 9 6 10 2 4 10 10 10 2 4 10 
#1 Number matched with 6 4 10
	3 # Pilas
	 Before Draw (7)
7 5 5 10 10 8 1 10 4 5 
	 After Draw(6)
1 7 5 5 10 10 8 1 10 4 5 
#2 Number matched with 1 4 5
	3 # Pilas
	 Before Draw (9)
3 7 5 9 1 2 9 8 5 7 10 10 6 8 7 8 9 10 10 10 10 1 9 10 5 
	 After Draw(8)
10 3 7 5 9 1 2 9 8 5 7 10 10 6 8 7 8 9 10 10 10 10 1 9 10 5 
	3 # Pilas
	 Before Draw (8)
9 6 10 2 4 10 10 10 2 4 
	 After Draw(7)
7 9 6 10 2 4 10 10 10 2 4 
#1 Number matched with 7 9 4
	3 # Pilas
	 Before Draw (10)
7 5 5 10 10 8 1 10 
	 After Draw(9)
3 7 5 5 10 10 8 1 10 
#1 Number matched with 3 7 10
	3 # Pilas
	 Before Draw (12)
10 3 7 5 9 1 2 9 8 5 7 10 10 6 8 7 8 9 10 10 10 10 1 9 10 5 
	 After Draw(11)
6 10 3 7 5 9 1 2 9 8 5 7 10 10 6 8 7 8 9 10 10 10 10 1 9 10 5 
	3 # Pilas
	 Before Draw (11)
6 10 2 4 10 10 10 2 
	 After Draw(10)
4 6 10 2 4 10 10 10 2 
	3 # Pilas
	 Before Draw (10)
5 5 10 10 8 1 
	 After Draw(9)
10 5 5 10 10 8 1 
	3 # Pilas
	 Before Draw (9)
6 10 3 7 5 9 1 2 9 8 5 7 10 10 6 8 7 8 9 10 10 10 10 1 9 10 5 
	 After Draw(8)
1 6 10 3 7 5 9 1 2 9 8 5 7 10 10 6 8 7 8 9 10 10 10 10 1 9 10 5 
	3 # Pilas
	 Before Draw (8)
4 6 10 2 4 10 10 10 2 
	 After Draw(7)
4 4 6 10 2 4 10 10 10 2 
#1 Number matched with 4 4 2
#3 Number matched with 10 10 10
#1 Number matched with 6 10 4
	3 # Pilas
	 Before Draw (16)
10 5 5 10 10 8 1 
	 After Draw(15)
5 10 5 5 10 10 8 1 
	3 # Pilas
	 Before Draw (15)
1 6 10 3 7 5 9 1 2 9 8 5 7 10 10 6 8 7 8 9 10 10 10 10 1 9 10 5 
	 After Draw(14)
7 1 6 10 3 7 5 9 1 2 9 8 5 7 10 10 6 8 7 8 9 10 10 10 10 1 9 10 5 
	3 # Pilas
	 Before Draw (14)
2 
	 After Draw(13)
9 2 
	3 # Pilas
	 Before Draw (13)
5 10 5 5 10 10 8 1 
	 After Draw(12)
4 5 10 5 5 10 10 8 1 
#1 Number matched with 4 5 1
	3 # Pilas
	 Before Draw (15)
7 1 6 10 3 7 5 9 1 2 9 8 5 7 10 10 6 8 7 8 9 10 10 10 10 1 9 10 5 
	 After Draw(14)
3 7 1 6 10 3 7 5 9 1 2 9 8 5 7 10 10 6 8 7 8 9 10 10 10 10 1 9 10 5 
	3 # Pilas
	 Before Draw (14)
9 2 
	 After Draw(13)
7 9 2 
	3 # Pilas
	 Before Draw (13)
10 5 5 10 10 8 
	 After Draw(12)
10 10 5 5 10 10 8 
	3 # Pilas
	 Before Draw (12)
3 7 1 6 10 3 7 5 9 1 2 9 8 5 7 10 10 6 8 7 8 9 10 10 10 10 1 9 10 5 
	 After Draw(11)
4 3 7 1 6 10 3 7 5 9 1 2 9 8 5 7 10 10 6 8 7 8 9 10 10 10 10 1 9 10 5 
	3 # Pilas
	 Before Draw (11)
7 9 2 
	 After Draw(10)
4 7 9 2 
	3 # Pilas
	 Before Draw (10)
10 10 5 5 10 10 8 
	 After Draw(9)
2 10 10 5 5 10 10 8 
#1 Number matched with 2 10 8
#2 Number matched with 10 10 10
	3 # Pilas
	 Before Draw (15)
4 3 7 1 6 10 3 7 5 9 1 2 9 8 5 7 10 10 6 8 7 8 9 10 10 10 10 1 9 10 5 
	 After Draw(14)
10 4 3 7 1 6 10 3 7 5 9 1 2 9 8 5 7 10 10 6 8 7 8 9 10 10 10 10 1 9 10 5 
	3 # Pilas
	 Before Draw (14)
4 7 9 2 
	 After Draw(13)
10 4 7 9 2 
	3 # Pilas
	 Before Draw (13)
5 5 
	 After Draw(12)
10 5 5 
#1 Number matched with 10 5 5
	2 # Pilas
	 Before Draw (15)
10 4 3 7 1 6 10 3 7 5 9 1 2 9 8 5 7 10 10 6 8 7 8 9 10 10 10 10 1 9 10 5 
	 After Draw(14)
6 10 4 3 7 1 6 10 3 7 5 9 1 2 9 8 5 7 10 10 6 8 7 8 9 10 10 10 10 1 9 10 5 
	2 # Pilas
	 Before Draw (14)
10 4 7 9 2 
	 After Draw(13)
10 10 4 7 9 2 
	2 # Pilas
	 Before Draw (13)
6 10 4 3 7 1 6 10 3 7 5 9 1 2 9 8 5 7 10 10 6 8 7 8 9 10 10 10 10 1 9 10 5 
	 After Draw(12)
4 6 10 4 3 7 1 6 10 3 7 5 9 1 2 9 8 5 7 10 10 6 8 7 8 9 10 10 10 10 1 9 10 5 
	2 # Pilas
	 Before Draw (12)
10 10 4 7 9 2 
	 After Draw(11)
4 10 10 4 7 9 2 
	2 # Pilas
	 Before Draw (11)
4 6 10 4 3 7 1 6 10 3 7 5 9 1 2 9 8 5 7 10 10 6 8 7 8 9 10 10 10 10 1 9 10 5 
	 After Draw(10)
5 4 6 10 4 3 7 1 6 10 3 7 5 9 1 2 9 8 5 7 10 10 6 8 7 8 9 10 10 10 10 1 9 10 5 
#2 Number matched with 5 10 5
#3 Number matched with 10 1 9
#1 Number matched with 4 6 10
#2 Number matched with 10 10 10
	2 # Pilas
	 Before Draw (22)
4 10 10 4 7 9 2 
	 After Draw(21)
1 4 10 10 4 7 9 2 
	2 # Pilas
	 Before Draw (21)
4 3 7 1 6 10 3 7 5 9 1 2 9 8 5 7 10 10 6 8 7 8 9 
	 After Draw(20)
2 4 3 7 1 6 10 3 7 5 9 1 2 9 8 5 7 10 10 6 8 7 8 9 
	2 # Pilas
	 Before Draw (20)
1 4 10 10 4 7 9 2 
	 After Draw(19)
10 1 4 10 10 4 7 9 2 
	2 # Pilas
	 Before Draw (19)
2 4 3 7 1 6 10 3 7 5 9 1 2 9 8 5 7 10 10 6 8 7 8 9 
	 After Draw(18)
8 2 4 3 7 1 6 10 3 7 5 9 1 2 9 8 5 7 10 10 6 8 7 8 9 
	2 # Pilas
	 Before Draw (18)
10 1 4 10 10 4 7 9 2 
	 After Draw(17)
10 10 1 4 10 10 4 7 9 2 
	2 # Pilas
	 Before Draw (17)
8 2 4 3 7 1 6 10 3 7 5 9 1 2 9 8 5 7 10 10 6 8 7 8 9 
	 After Draw(16)
10 8 2 4 3 7 1 6 10 3 7 5 9 1 2 9 8 5 7 10 10 6 8 7 8 9 
	2 # Pilas
	 Before Draw (16)
10 10 1 4 10 10 4 7 9 2 
	 After Draw(15)
10 10 10 1 4 10 10 4 7 9 2 
	2 # Pilas
	 Before Draw (15)
10 8 2 4 3 7 1 6 10 3 7 5 9 1 2 9 8 5 7 10 10 6 8 7 8 9 
	 After Draw(14)
10 10 8 2 4 3 7 1 6 10 3 7 5 9 1 2 9 8 5 7 10 10 6 8 7 8 9 
	2 # Pilas
	 Before Draw (14)
10 10 10 1 4 10 10 4 7 9 2 
	 After Draw(13)
5 10 10 10 1 4 10 10 4 7 9 2 
	2 # Pilas
	 Before Draw (13)
10 10 8 2 4 3 7 1 6 10 3 7 5 9 1 2 9 8 5 7 10 10 6 8 7 8 9 
	 After Draw(12)
5 10 10 8 2 4 3 7 1 6 10 3 7 5 9 1 2 9 8 5 7 10 10 6 8 7 8 9 
	2 # Pilas
	 Before Draw (12)
5 10 10 10 1 4 10 10 4 7 9 2 
	 After Draw(11)
5 5 10 10 10 1 4 10 10 4 7 9 2 
	2 # Pilas
	 Before Draw (11)
5 10 10 8 2 4 3 7 1 6 10 3 7 5 9 1 2 9 8 5 7 10 10 6 8 7 8 9 
	 After Draw(10)
10 5 10 10 8 2 4 3 7 1 6 10 3 7 5 9 1 2 9 8 5 7 10 10 6 8 7 8 9 
	2 # Pilas
	 Before Draw (10)
5 5 10 10 10 1 4 10 10 4 7 9 2 
	 After Draw(9)
5 5 5 10 10 10 1 4 10 10 4 7 9 2 
	2 # Pilas
	 Before Draw (9)
10 5 10 10 8 2 4 3 7 1 6 10 3 7 5 9 1 2 9 8 5 7 10 10 6 8 7 8 9 
	 After Draw(8)
10 10 5 10 10 8 2 4 3 7 1 6 10 3 7 5 9 1 2 9 8 5 7 10 10 6 8 7 8 9 
	2 # Pilas
	 Before Draw (8)
5 5 5 10 10 10 1 4 10 10 4 7 9 2 
	 After Draw(7)
1 5 5 5 10 10 10 1 4 10 10 4 7 9 2 
	2 # Pilas
	 Before Draw (7)
10 10 5 10 10 8 2 4 3 7 1 6 10 3 7 5 9 1 2 9 8 5 7 10 10 6 8 7 8 9 
	 After Draw(6)
9 10 10 5 10 10 8 2 4 3 7 1 6 10 3 7 5 9 1 2 9 8 5 7 10 10 6 8 7 8 9 
	2 # Pilas
	 Before Draw (6)
1 5 5 5 10 10 10 1 4 10 10 4 7 9 2 
	 After Draw(5)
4 1 5 5 5 10 10 10 1 4 10 10 4 7 9 2 
	2 # Pilas
	 Before Draw (5)
9 10 10 5 10 10 8 2 4 3 7 1 6 10 3 7 5 9 1 2 9 8 5 7 10 10 6 8 7 8 9 
	 After Draw(4)
6 9 10 10 5 10 10 8 2 4 3 7 1 6 10 3 7 5 9 1 2 9 8 5 7 10 10 6 8 7 8 9 
	2 # Pilas
	 Before Draw (4)
4 1 5 5 5 10 10 10 1 4 10 10 4 7 9 2 
	 After Draw(3)
10 4 1 5 5 5 10 10 10 1 4 10 10 4 7 9 2 
	2 # Pilas
	 Before Draw (3)
6 9 10 10 5 10 10 8 2 4 3 7 1 6 10 3 7 5 9 1 2 9 8 5 7 10 10 6 8 7 8 9 
	 After Draw(2)
10 6 9 10 10 5 10 10 8 2 4 3 7 1 6 10 3 7 5 9 1 2 9 8 5 7 10 10 6 8 7 8 9 
	2 # Pilas
	 Before Draw (2)
10 4 1 5 5 5 10 10 10 1 4 10 10 4 7 9 2 
	 After Draw(1)
10 10 4 1 5 5 5 10 10 10 1 4 10 10 4 7 9 2 
	2 # Pilas
	 Before Draw (1)
10 6 9 10 10 5 10 10 8 2 4 3 7 1 6 10 3 7 5 9 1 2 9 8 5 7 10 10 6 8 7 8 9 
	 After Draw(0)
10 10 6 9 10 10 5 10 10 8 2 4 3 7 1 6 10 3 7 5 9 1 2 9 8 5 7 10 10 6 8 7 8 9 
	2 # Pilas
	 Before Draw (0)
10 10 4 1 5 5 5 10 10 10 1 4 10 10 4 7 9 2 
	 After Draw(18446744073709551615)
5 10 10 4 1 5 5 5 10 10 10 1 4 10 10 4 7 9 2 
	2 # Pilas
	 Before Draw (18446744073709551615)
10 10 6 9 10 10 5 10 10 8 2 4 3 7 1 6 10 3 7 5 9 1 2 9 8 5 7 10 10 6 8 7 8 9 
	 After Draw(18446744073709551614)
9 10 10 6 9 10 10 5 10 10 8 2 4 3 7 1 6 10 3 7 5 9 1 2 9 8 5 7 10 10 6 8 7 8 9 
	2 # Pilas
	 Before Draw (18446744073709551614)
5 10 10 4 1 5 5 5 10 10 10 1 4 10 10 4 7 9 2 
	 After Draw(18446744073709551613)
1 5 10 10 4 1 5 5 5 10 10 10 1 4 10 10 4 7 9 2 
	2 # Pilas
	 Before Draw (18446744073709551613)
9 10 10 6 9 10 10 5 10 10 8 2 4 3 7 1 6 10 3 7 5 9 1 2 9 8 5 7 10 10 6 8 7 8 9 
	 After Draw(18446744073709551612)
2 9 10 10 6 9 10 10 5 10 10 8 2 4 3 7 1 6 10 3 7 5 9 1 2 9 8 5 7 10 10 6 8 7 8 9 
#1 Number matched with 2 9 9
	2 # Pilas
	 Before Draw (18446744073709551615)
1 5 10 10 4 1 5 5 5 10 10 10 1 4 10 10 4 7 9 2 
	 After Draw(18446744073709551614)
9 1 5 10 10 4 1 5 5 5 10 10 10 1 4 10 10 4 7 9 2 
#2 Number matched with 9 9 2
	2 # Pilas
	 Before Draw (1)
10 10 6 9 10 10 5 10 10 8 2 4 3 7 1 6 10 3 7 5 9 1 2 9 8 5 7 10 10 6 8 7 8 
	 After Draw(0)
2 10 10 6 9 10 10 5 10 10 8 2 4 3 7 1 6 10 3 7 5 9 1 2 9 8 5 7 10 10 6 8 7 8 
#1 Number matched with 2 10 8
	2 # Pilas
	 Before Draw (3)
1 5 10 10 4 1 5 5 5 10 10 10 1 4 10 10 4 7 
	 After Draw(2)
2 1 5 10 10 4 1 5 5 5 10 10 10 1 4 10 10 4 7 
#1 Number matched with 2 1 7
	2 # Pilas
	 Before Draw (5)
10 6 9 10 10 5 10 10 8 2 4 3 7 1 6 10 3 7 5 9 1 2 9 8 5 7 10 10 6 8 7 
	 After Draw(4)
10 10 6 9 10 10 5 10 10 8 2 4 3 7 1 6 10 3 7 5 9 1 2 9 8 5 7 10 10 6 8 7 
	2 # Pilas
	 Before Draw (4)
5 10 10 4 1 5 5 5 10 10 10 1 4 10 10 4 
	 After Draw(3)
8 5 10 10 4 1 5 5 5 10 10 10 1 4 10 10 4 
	2 # Pilas
	 Before Draw (3)
10 10 6 9 10 10 5 10 10 8 2 4 3 7 1 6 10 3 7 5 9 1 2 9 8 5 7 10 10 6 8 7 
	 After Draw(2)
2 10 10 6 9 10 10 5 10 10 8 2 4 3 7 1 6 10 3 7 5 9 1 2 9 8 5 7 10 10 6 8 7 
	2 # Pilas
	 Before Draw (2)
8 5 10 10 4 1 5 5 5 10 10 10 1 4 10 10 4 
	 After Draw(1)
1 8 5 10 10 4 1 5 5 5 10 10 10 1 4 10 10 4 
	2 # Pilas
	 Before Draw (1)
2 10 10 6 9 10 10 5 10 10 8 2 4 3 7 1 6 10 3 7 5 9 1 2 9 8 5 7 10 10 6 8 7 
	 After Draw(0)
7 2 10 10 6 9 10 10 5 10 10 8 2 4 3 7 1 6 10 3 7 5 9 1 2 9 8 5 7 10 10 6 8 7 
	2 # Pilas
	 Before Draw (0)
1 8 5 10 10 4 1 5 5 5 10 10 10 1 4 10 10 4 
	 After Draw(18446744073709551615)
7 1 8 5 10 10 4 1 5 5 5 10 10 10 1 4 10 10 4 
	2 # Pilas
	 Before Draw (18446744073709551615)
7 2 10 10 6 9 10 10 5 10 10 8 2 4 3 7 1 6 10 3 7 5 9 1 2 9 8 5 7 10 10 6 8 7 
	 After Draw(18446744073709551614)
8 7 2 10 10 6 9 10 10 5 10 10 8 2 4 3 7 1 6 10 3 7 5 9 1 2 9 8 5 7 10 10 6 8 7 
	2 # Pilas
	 Before Draw (18446744073709551614)
7 1 8 5 10 10 4 1 5 5 5 10 10 10 1 4 10 10 4 
	 After Draw(18446744073709551613)
9 7 1 8 5 10 10 4 1 5 5 5 10 10 10 1 4 10 10 4 
#1 Number matched with 9 7 4
	2 # Pilas
	 Before Draw (0)
8 7 2 10 10 6 9 10 10 5 10 10 8 2 4 3 7 1 6 10 3 7 5 9 1 2 9 8 5 7 10 10 6 8 7 
	 After Draw(18446744073709551615)
10 8 7 2 10 10 6 9 10 10 5 10 10 8 2 4 3 7 1 6 10 3 7 5 9 1 2 9 8 5 7 10 10 6 8 7 
	2 # Pilas
	 Before Draw (18446744073709551615)
1 8 5 10 10 4 1 5 5 5 10 10 10 1 4 10 10 
	 After Draw(18446744073709551614)
10 1 8 5 10 10 4 1 5 5 5 10 10 10 1 4 10 10 
#2 Number matched with 10 10 10
	2 # Pilas
	 Before Draw (1)
10 8 7 2 10 10 6 9 10 10 5 10 10 8 2 4 3 7 1 6 10 3 7 5 9 1 2 9 8 5 7 10 10 6 8 7 
	 After Draw(0)
10 10 8 7 2 10 10 6 9 10 10 5 10 10 8 2 4 3 7 1 6 10 3 7 5 9 1 2 9 8 5 7 10 10 6 8 7 
	2 # Pilas
	 Before Draw (0)
1 8 5 10 10 4 1 5 5 5 10 10 10 1 4 
	 After Draw(18446744073709551615)
10 1 8 5 10 10 4 1 5 5 5 10 10 10 1 4 
	2 # Pilas
	 Before Draw (18446744073709551615)
10 10 8 7 2 10 10 6 9 10 10 5 10 10 8 2 4 3 7 1 6 10 3 7 5 9 1 2 9 8 5 7 10 10 6 8 7 
	 After Draw(18446744073709551614)
1 10 10 8 7 2 10 10 6 9 10 10 5 10 10 8 2 4 3 7 1 6 10 3 7 5 9 1 2 9 8 5 7 10 10 6 8 7 
	2 # Pilas
	 Before Draw (18446744073709551614)
10 1 8 5 10 10 4 1 5 5 5 10 10 10 1 4 
	 After Draw(18446744073709551613)
9 10 1 8 5 10 10 4 1 5 5 5 10 10 10 1 4 
	2 # Pilas
	 Before Draw (18446744073709551613)
1 10 10 8 7 2 10 10 6 9 10 10 5 10 10 8 2 4 3 7 1 6 10 3 7 5 9 1 2 9 8 5 7 10 10 6 8 7 
	 After Draw(18446744073709551612)
10 1 10 10 8 7 2 10 10 6 9 10 10 5 10 10 8 2 4 3 7 1 6 10 3 7 5 9 1 2 9 8 5 7 10 10 6 8 7 
	2 # Pilas
	 Before Draw (18446744073709551612)
9 10 1 8 5 10 10 4 1 5 5 5 10 10 10 1 4 
	 After Draw(18446744073709551611)
5 9 10 1 8 5 10 10 4 1 5 5 5 10 10 10 1 4 
#2 Number matched with 5 1 4
#3 Number matched with 10 10 10
	2 # Pilas
	 Before Draw (1)
10 1 10 10 8 7 2 10 10 6 9 10 10 5 10 10 8 2 4 3 7 1 6 10 3 7 5 9 1 2 9 8 5 7 10 10 6 8 7 
	 After Draw(0)
10 10 1 10 10 8 7 2 10 10 6 9 10 10 5 10 10 8 2 4 3 7 1 6 10 3 7 5 9 1 2 9 8 5 7 10 10 6 8 7 
	2 # Pilas
	 Before Draw (0)
9 10 1 8 5 10 10 4 1 5 5 5 
	 After Draw(18446744073709551615)
2 9 10 1 8 5 10 10 4 1 5 5 5 
	2 # Pilas
	 Before Draw (18446744073709551615)
10 10 1 10 10 8 7 2 10 10 6 9 10 10 5 10 10 8 2 4 3 7 1 6 10 3 7 5 9 1 2 9 8 5 7 10 10 6 8 7 
	 After Draw(18446744073709551614)
8 10 10 1 10 10 8 7 2 10 10 6 9 10 10 5 10 10 8 2 4 3 7 1 6 10 3 7 5 9 1 2 9 8 5 7 10 10 6 8 7 
	2 # Pilas
	 Before Draw (18446744073709551614)
2 9 10 1 8 5 10 10 4 1 5 5 5 
	 After Draw(18446744073709551613)
7 2 9 10 1 8 5 10 10 4 1 5 5 5 
	2 # Pilas
	 Before Draw (18446744073709551613)
8 10 10 1 10 10 8 7 2 10 10 6 9 10 10 5 10 10 8 2 4 3 7 1 6 10 3 7 5 9 1 2 9 8 5 7 10 10 6 8 7 
	 After Draw(18446744073709551612)
10 8 10 10 1 10 10 8 7 2 10 10 6 9 10 10 5 10 10 8 2 4 3 7 1 6 10 3 7 5 9 1 2 9 8 5 7 10 10 6 8 7 
	2 # Pilas
	 Before Draw (18446744073709551612)
7 2 9 10 1 8 5 10 10 4 1 5 5 5 
	 After Draw(18446744073709551611)
3 7 2 9 10 1 8 5 10 10 4 1 5 5 5 
	2 # Pilas
	 Before Draw (18446744073709551611)
10 8 10 10 1 10 10 8 7 2 10 10 6 9 10 10 5 10 10 8 2 4 3 7 1 6 10 3 7 5 9 1 2 9 8 5 7 10 10 6 8 7 
	 After Draw(18446744073709551610)
5 10 8 10 10 1 10 10 8 7 2 10 10 6 9 10 10 5 10 10 8 2 4 3 7 1 6 10 3 7 5 9 1 2 9 8 5 7 10 10 6 8 7 
#2 Number matched with 5 8 7
	2 # Pilas
	 Before Draw (18446744073709551613)
3 7 2 9 10 1 8 5 10 10 4 1 5 5 5 
	 After Draw(18446744073709551612)
10 3 7 2 9 10 1 8 5 10 10 4 1 5 5 5 
#2 Number matched with 10 5 5
#3 Number matched with 4 1 5
#1 Number matched with 3 7 10
	2 # Pilas
	 Before Draw (5)
10 8 10 10 1 10 10 8 7 2 10 10 6 9 10 10 5 10 10 8 2 4 3 7 1 6 10 3 7 5 9 1 2 9 8 5 7 10 10 6 
	 After Draw(4)
1 10 8 10 10 1 10 10 8 7 2 10 10 6 9 10 10 5 10 10 8 2 4 3 7 1 6 10 3 7 5 9 1 2 9 8 5 7 10 10 6 
	2 # Pilas
	 Before Draw (4)
2 9 10 1 8 5 10 
	 After Draw(3)
5 2 9 10 1 8 5 10 
#2 Number matched with 5 5 10
	2 # Pilas
	 Before Draw (6)
1 10 8 10 10 1 10 10 8 7 2 10 10 6 9 10 10 5 10 10 8 2 4 3 7 1 6 10 3 7 5 9 1 2 9 8 5 7 10 10 6 
	 After Draw(5)
3 1 10 8 10 10 1 10 10 8 7 2 10 10 6 9 10 10 5 10 10 8 2 4 3 7 1 6 10 3 7 5 9 1 2 9 8 5 7 10 10 6 
#1 Number matched with 3 1 6
#2 Number matched with 10 10 10
#2 Number matched with 8 5 7
	2 # Pilas
	 Before Draw (14)
2 9 10 1 8 
	 After Draw(13)
7 2 9 10 1 8 
	2 # Pilas
	 Before Draw (13)
10 10 1 10 10 8 7 2 10 10 6 9 10 10 5 10 10 8 2 4 3 7 1 6 10 3 7 5 9 1 2 9 8 
	 After Draw(12)
10 10 10 1 10 10 8 7 2 10 10 6 9 10 10 5 10 10 8 2 4 3 7 1 6 10 3 7 5 9 1 2 9 8 
	2 # Pilas
	 Before Draw (12)
7 2 9 10 1 8 
	 After Draw(11)
5 7 2 9 10 1 8 
#1 Number matched with 5 7 8
#3 Number matched with 9 10 1
	2 # Pilas
	 Before Draw (17)
10 10 10 1 10 10 8 7 2 10 10 6 9 10 10 5 10 10 8 2 4 3 7 1 6 10 3 7 5 9 1 2 9 8 
	 After Draw(16)
5 10 10 10 1 10 10 8 7 2 10 10 6 9 10 10 5 10 10 8 2 4 3 7 1 6 10 3 7 5 9 1 2 9 8 
	2 # Pilas
	 Before Draw (16)
2 
	 After Draw(15)
10 2 
	2 # Pilas
	 Before Draw (15)
5 10 10 10 1 10 10 8 7 2 10 10 6 9 10 10 5 10 10 8 2 4 3 7 1 6 10 3 7 5 9 1 2 9 8 
	 After Draw(14)
3 5 10 10 10 1 10 10 8 7 2 10 10 6 9 10 10 5 10 10 8 2 4 3 7 1 6 10 3 7 5 9 1 2 9 8 
#2 Number matched with 3 9 8
	2 # Pilas
	 Before Draw (17)
10 2 
	 After Draw(16)
1 10 2 
	2 # Pilas
	 Before Draw (16)
5 10 10 10 1 10 10 8 7 2 10 10 6 9 10 10 5 10 10 8 2 4 3 7 1 6 10 3 7 5 9 1 2 
	 After Draw(15)
6 5 10 10 10 1 10 10 8 7 2 10 10 6 9 10 10 5 10 10 8 2 4 3 7 1 6 10 3 7 5 9 1 2 
	2 # Pilas
	 Before Draw (15)
1 10 2 
	 After Draw(14)
10 1 10 2 
	2 # Pilas
	 Before Draw (14)
6 5 10 10 10 1 10 10 8 7 2 10 10 6 9 10 10 5 10 10 8 2 4 3 7 1 6 10 3 7 5 9 1 2 
	 After Draw(13)
10 6 5 10 10 10 1 10 10 8 7 2 10 10 6 9 10 10 5 10 10 8 2 4 3 7 1 6 10 3 7 5 9 1 2 
	2 # Pilas
	 Before Draw (13)
10 1 10 2 
	 After Draw(12)
10 10 1 10 2 
	2 # Pilas
	 Before Draw (12)
10 6 5 10 10 10 1 10 10 8 7 2 10 10 6 9 10 10 5 10 10 8 2 4 3 7 1 6 10 3 7 5 9 1 2 
	 After Draw(11)
8 10 6 5 10 10 10 1 10 10 8 7 2 10 10 6 9 10 10 5 10 10 8 2 4 3 7 1 6 10 3 7 5 9 1 2 
#1 Number matched with 8 10 2
	2 # Pilas
	 Before Draw (14)
10 10 1 10 2 
	 After Draw(13)
5 10 10 1 10 2 
	2 # Pilas
	 Before Draw (13)
6 5 10 10 10 1 10 10 8 7 2 10 10 6 9 10 10 5 10 10 8 2 4 3 7 1 6 10 3 7 5 9 1 
	 After Draw(12)
7 6 5 10 10 10 1 10 10 8 7 2 10 10 6 9 10 10 5 10 10 8 2 4 3 7 1 6 10 3 7 5 9 1 
	2 # Pilas
	 Before Draw (12)
5 10 10 1 10 2 
	 After Draw(11)
5 5 10 10 1 10 2 
	2 # Pilas
	 Before Draw (11)
7 6 5 10 10 10 1 10 10 8 7 2 10 10 6 9 10 10 5 10 10 8 2 4 3 7 1 6 10 3 7 5 9 1 
	 After Draw(10)
7 7 6 5 10 10 10 1 10 10 8 7 2 10 10 6 9 10 10 5 10 10 8 2 4 3 7 1 6 10 3 7 5 9 1 
	2 # Pilas
	 Before Draw (10)
5 5 10 10 1 10 2 
	 After Draw(9)
8 5 5 10 10 1 10 2 
#2 Number matched with 8 10 2
	2 # Pilas
	 Before Draw (12)
7 7 6 5 10 10 10 1 10 10 8 7 2 10 10 6 9 10 10 5 10 10 8 2 4 3 7 1 6 10 3 7 5 9 1 
	 After Draw(11)
9 7 7 6 5 10 10 10 1 10 10 8 7 2 10 10 6 9 10 10 5 10 10 8 2 4 3 7 1 6 10 3 7 5 9 1 
	2 # Pilas
	 Before Draw (11)
5 5 10 10 1 
	 After Draw(10)
10 5 5 10 10 1 
	2 # Pilas
	 Before Draw (10)
9 7 7 6 5 10 10 10 1 10 10 8 7 2 10 10 6 9 10 10 5 10 10 8 2 4 3 7 1 6 10 3 7 5 9 1 
	 After Draw(9)
1 9 7 7 6 5 10 10 10 1 10 10 8 7 2 10 10 6 9 10 10 5 10 10 8 2 4 3 7 1 6 10 3 7 5 9 1 
	2 # Pilas
	 Before Draw (9)
10 5 5 10 10 1 
	 After Draw(8)
3 10 5 5 10 10 1 
	2 # Pilas
	 Before Draw (8)
1 9 7 7 6 5 10 10 10 1 10 10 8 7 2 10 10 6 9 10 10 5 10 10 8 2 4 3 7 1 6 10 3 7 5 9 1 
	 After Draw(7)
9 1 9 7 7 6 5 10 10 10 1 10 10 8 7 2 10 10 6 9 10 10 5 10 10 8 2 4 3 7 1 6 10 3 7 5 9 1 
	2 # Pilas
	 Before Draw (7)
3 10 5 5 10 10 1 
	 After Draw(6)
8 3 10 5 5 10 10 1 
	2 # Pilas
	 Before Draw (6)
9 1 9 7 7 6 5 10 10 10 1 10 10 8 7 2 10 10 6 9 10 10 5 10 10 8 2 4 3 7 1 6 10 3 7 5 9 1 
	 After Draw(5)
8 9 1 9 7 7 6 5 10 10 10 1 10 10 8 7 2 10 10 6 9 10 10 5 10 10 8 2 4 3 7 1 6 10 3 7 5 9 1 
	2 # Pilas
	 Before Draw (5)
8 3 10 5 5 10 10 1 
	 After Draw(4)
10 8 3 10 5 5 10 10 1 
	2 # Pilas
	 Before Draw (4)
8 9 1 9 7 7 6 5 10 10 10 1 10 10 8 7 2 10 10 6 9 10 10 5 10 10 8 2 4 3 7 1 6 10 3 7 5 9 1 
	 After Draw(3)
2 8 9 1 9 7 7 6 5 10 10 10 1 10 10 8 7 2 10 10 6 9 10 10 5 10 10 8 2 4 3 7 1 6 10 3 7 5 9 1 
	2 # Pilas
	 Before Draw (3)
10 8 3 10 5 5 10 10 1 
	 After Draw(2)
8 10 8 3 10 5 5 10 10 1 
	2 # Pilas
	 Before Draw (2)
2 8 9 1 9 7 7 6 5 10 10 10 1 10 10 8 7 2 10 10 6 9 10 10 5 10 10 8 2 4 3 7 1 6 10 3 7 5 9 1 
	 After Draw(1)
10 2 8 9 1 9 7 7 6 5 10 10 10 1 10 10 8 7 2 10 10 6 9 10 10 5 10 10 8 2 4 3 7 1 6 10 3 7 5 9 1 
#2 Number matched with 10 9 1
	2 # Pilas
	 Before Draw (4)
8 10 8 3 10 5 5 10 10 1 
	 After Draw(3)
2 8 10 8 3 10 5 5 10 10 1 
	2 # Pilas
	 Before Draw (3)
2 8 9 1 9 7 7 6 5 10 10 10 1 10 10 8 7 2 10 10 6 9 10 10 5 10 10 8 2 4 3 7 1 6 10 3 7 5 
	 After Draw(2)
10 2 8 9 1 9 7 7 6 5 10 10 10 1 10 10 8 7 2 10 10 6 9 10 10 5 10 10 8 2 4 3 7 1 6 10 3 7 5 
	2 # Pilas
	 Before Draw (2)
2 8 10 8 3 10 5 5 10 10 1 
	 After Draw(1)
9 2 8 10 8 3 10 5 5 10 10 1 
#2 Number matched with 9 10 1
#1 Number matched with 2 8 10
#2 Number matched with 10 5 5
	2 # Pilas
	 Before Draw (10)
10 2 8 9 1 9 7 7 6 5 10 10 10 1 10 10 8 7 2 10 10 6 9 10 10 5 10 10 8 2 4 3 7 1 6 10 3 7 5 
	 After Draw(9)
1 10 2 8 9 1 9 7 7 6 5 10 10 10 1 10 10 8 7 2 10 10 6 9 10 10 5 10 10 8 2 4 3 7 1 6 10 3 7 5 
	2 # Pilas
	 Before Draw (9)
8 3 10 
	 After Draw(8)
9 8 3 10 
	2 # Pilas
	 Before Draw (8)
1 10 2 8 9 1 9 7 7 6 5 10 10 10 1 10 10 8 7 2 10 10 6 9 10 10 5 10 10 8 2 4 3 7 1 6 10 3 7 5 
	 After Draw(7)
10 1 10 2 8 9 1 9 7 7 6 5 10 10 10 1 10 10 8 7 2 10 10 6 9 10 10 5 10 10 8 2 4 3 7 1 6 10 3 7 5 
	2 # Pilas
	 Before Draw (7)
9 8 3 10 
	 After Draw(6)
1 9 8 3 10 
#1 Number matched with 1 9 10
	2 # Pilas
	 Before Draw (9)
10 1 10 2 8 9 1 9 7 7 6 5 10 10 10 1 10 10 8 7 2 10 10 6 9 10 10 5 10 10 8 2 4 3 7 1 6 10 3 7 5 
	 After Draw(8)
2 10 1 10 2 8 9 1 9 7 7 6 5 10 10 10 1 10 10 8 7 2 10 10 6 9 10 10 5 10 10 8 2 4 3 7 1 6 10 3 7 5 
	2 # Pilas
	 Before Draw (8)
8 3 
	 After Draw(7)
8 8 3 
	2 # Pilas
	 Before Draw (7)
2 10 1 10 2 8 9 1 9 7 7 6 5 10 10 10 1 10 10 8 7 2 10 10 6 9 10 10 5 10 10 8 2 4 3 7 1 6 10 3 7 5 
	 After Draw(6)
10 2 10 1 10 2 8 9 1 9 7 7 6 5 10 10 10 1 10 10 8 7 2 10 10 6 9 10 10 5 10 10 8 2 4 3 7 1 6 10 3 7 5 
	2 # Pilas
	 Before Draw (6)
8 8 3 
	 After Draw(5)
10 8 8 3 
	2 # Pilas
	 Before Draw (5)
10 2 10 1 10 2 8 9 1 9 7 7 6 5 10 10 10 1 10 10 8 7 2 10 10 6 9 10 10 5 10 10 8 2 4 3 7 1 6 10 3 7 5 
	 After Draw(4)
5 10 2 10 1 10 2 8 9 1 9 7 7 6 5 10 10 10 1 10 10 8 7 2 10 10 6 9 10 10 5 10 10 8 2 4 3 7 1 6 10 3 7 5 
#1 Number matched with 5 10 5
#3 Number matched with 10 3 7
	2 # Pilas
	 Before Draw (10)
10 8 8 3 
	 After Draw(9)
5 10 8 8 3 
	2 # Pilas
	 Before Draw (9)
2 10 1 10 2 8 9 1 9 7 7 6 5 10 10 10 1 10 10 8 7 2 10 10 6 9 10 10 5 10 10 8 2 4 3 7 1 6 
	 After Draw(8)
1 2 10 1 10 2 8 9 1 9 7 7 6 5 10 10 10 1 10 10 8 7 2 10 10 6 9 10 10 5 10 10 8 2 4 3 7 1 6 
	2 # Pilas
	 Before Draw (8)
5 10 8 8 3 
	 After Draw(7)
9 5 10 8 8 3 
#2 Number matched with 9 8 3
	2 # Pilas
	 Before Draw (10)
1 2 10 1 10 2 8 9 1 9 7 7 6 5 10 10 10 1 10 10 8 7 2 10 10 6 9 10 10 5 10 10 8 2 4 3 7 1 6 
	 After Draw(9)
10 1 2 10 1 10 2 8 9 1 9 7 7 6 5 10 10 10 1 10 10 8 7 2 10 10 6 9 10 10 5 10 10 8 2 4 3 7 1 6 
	2 # Pilas
	 Before Draw (9)
5 10 8 
	 After Draw(8)
5 5 10 8 
	2 # Pilas
	 Before Draw (8)
10 1 2 10 1 10 2 8 9 1 9 7 7 6 5 10 10 10 1 10 10 8 7 2 10 10 6 9 10 10 5 10 10 8 2 4 3 7 1 6 
	 After Draw(7)
10 10 1 2 10 1 10 2 8 9 1 9 7 7 6 5 10 10 10 1 10 10 8 7 2 10 10 6 9 10 10 5 10 10 8 2 4 3 7 1 6 
	2 # Pilas
	 Before Draw (7)
5 5 10 8 
	 After Draw(6)
5 5 5 10 8 
	2 # Pilas
	 Before Draw (6)
10 10 1 2 10 1 10 2 8 9 1 9 7 7 6 5 10 10 10 1 10 10 8 7 2 10 10 6 9 10 10 5 10 10 8 2 4 3 7 1 6 
	 After Draw(5)
10 10 10 1 2 10 1 10 2 8 9 1 9 7 7 6 5 10 10 10 1 10 10 8 7 2 10 10 6 9 10 10 5 10 10 8 2 4 3 7 1 6 
	2 # Pilas
	 Before Draw (5)
5 5 5 10 8 
	 After Draw(4)
3 5 5 5 10 8 
	2 # Pilas
	 Before Draw (4)
10 10 10 1 2 10 1 10 2 8 9 1 9 7 7 6 5 10 10 10 1 10 10 8 7 2 10 10 6 9 10 10 5 10 10 8 2 4 3 7 1 6 
	 After Draw(3)
7 10 10 10 1 2 10 1 10 2 8 9 1 9 7 7 6 5 10 10 10 1 10 10 8 7 2 10 10 6 9 10 10 5 10 10 8 2 4 3 7 1 6 
	2 # Pilas
	 Before Draw (3)
3 5 5 5 10 8 
	 After Draw(2)
9 3 5 5 5 10 8 
#1 Number matched with 9 3 8
#1 Number matched with 5 5 10
	2 # Pilas
	 Before Draw (8)
7 10 10 10 1 2 10 1 10 2 8 9 1 9 7 7 6 5 10 10 10 1 10 10 8 7 2 10 10 6 9 10 10 5 10 10 8 2 4 3 7 1 6 
	 After Draw(7)
8 7 10 10 10 1 2 10 1 10 2 8 9 1 9 7 7 6 5 10 10 10 1 10 10 8 7 2 10 10 6 9 10 10 5 10 10 8 2 4 3 7 1 6 
	2 # Pilas
	 Before Draw (7)
5 
	 After Draw(6)
3 5 
	2 # Pilas
	 Before Draw (6)
8 7 10 10 10 1 2 10 1 10 2 8 9 1 9 7 7 6 5 10 10 10 1 10 10 8 7 2 10 10 6 9 10 10 5 10 10 8 2 4 3 7 1 6 
	 After Draw(5)
9 8 7 10 10 10 1 2 10 1 10 2 8 9 1 9 7 7 6 5 10 10 10 1 10 10 8 7 2 10 10 6 9 10 10 5 10 10 8 2 4 3 7 1 6 
	2 # Pilas
	 Before Draw (5)
3 5 
	 After Draw(4)
3 3 5 
	2 # Pilas
	 Before Draw (4)
9 8 7 10 10 10 1 2 10 1 10 2 8 9 1 9 7 7 6 5 10 10 10 1 10 10 8 7 2 10 10 6 9 10 10 5 10 10 8 2 4 3 7 1 6 
	 After Draw(3)
8 9 8 7 10 10 10 1 2 10 1 10 2 8 9 1 9 7 7 6 5 10 10 10 1 10 10 8 7 2 10 10 6 9 10 10 5 10 10 8 2 4 3 7 1 6 
	2 # Pilas
	 Before Draw (3)
3 3 5 
	 After Draw(2)
5 3 3 5 
	2 # Pilas
	 Before Draw (2)
8 9 8 7 10 10 10 1 2 10 1 10 2 8 9 1 9 7 7 6 5 10 10 10 1 10 10 8 7 2 10 10 6 9 10 10 5 10 10 8 2 4 3 7 1 6 
	 After Draw(1)
5 8 9 8 7 10 10 10 1 2 10 1 10 2 8 9 1 9 7 7 6 5 10 10 10 1 10 10 8 7 2 10 10 6 9 10 10 5 10 10 8 2 4 3 7 1 6 
	2 # Pilas
	 Before Draw (1)
5 3 3 5 
	 After Draw(0)
10 5 3 3 5 
#1 Number matched with 10 5 5
	2 # Pilas
	 Before Draw (3)
5 8 9 8 7 10 10 10 1 2 10 1 10 2 8 9 1 9 7 7 6 5 10 10 10 1 10 10 8 7 2 10 10 6 9 10 10 5 10 10 8 2 4 3 7 1 6 
	 After Draw(2)
10 5 8 9 8 7 10 10 10 1 2 10 1 10 2 8 9 1 9 7 7 6 5 10 10 10 1 10 10 8 7 2 10 10 6 9 10 10 5 10 10 8 2 4 3 7 1 6 
	2 # Pilas
	 Before Draw (2)
3 3 
	 After Draw(1)
5 3 3 
	2 # Pilas
	 Before Draw (1)
10 5 8 9 8 7 10 10 10 1 2 10 1 10 2 8 9 1 9 7 7 6 5 10 10 10 1 10 10 8 7 2 10 10 6 9 10 10 5 10 10 8 2 4 3 7 1 6 
	 After Draw(0)
5 10 5 8 9 8 7 10 10 10 1 2 10 1 10 2 8 9 1 9 7 7 6 5 10 10 10 1 10 10 8 7 2 10 10 6 9 10 10 5 10 10 8 2 4 3 7 1 6 
	2 # Pilas
	 Before Draw (0)
5 3 3 
	 After Draw(18446744073709551615)
4 5 3 3 
#2 Number matched with 4 3 3
	2 # Pilas
	 Before Draw (2)
5 10 5 8 9 8 7 10 10 10 1 2 10 1 10 2 8 9 1 9 7 7 6 5 10 10 10 1 10 10 8 7 2 10 10 6 9 10 10 5 10 10 8 2 4 3 7 1 6 
	 After Draw(1)
3 5 10 5 8 9 8 7 10 10 10 1 2 10 1 10 2 8 9 1 9 7 7 6 5 10 10 10 1 10 10 8 7 2 10 10 6 9 10 10 5 10 10 8 2 4 3 7 1 6 
#2 Number matched with 3 1 6
	2 # Pilas
	 Before Draw (4)
5 
	 After Draw(3)
3 5 
	2 # Pilas
	 Before Draw (3)
5 10 5 8 9 8 7 10 10 10 1 2 10 1 10 2 8 9 1 9 7 7 6 5 10 10 10 1 10 10 8 7 2 10 10 6 9 10 10 5 10 10 8 2 4 3 7 
	 After Draw(2)
3 5 10 5 8 9 8 7 10 10 10 1 2 10 1 10 2 8 9 1 9 7 7 6 5 10 10 10 1 10 10 8 7 2 10 10 6 9 10 10 5 10 10 8 2 4 3 7 
	2 # Pilas
	 Before Draw (2)
3 5 
	 After Draw(1)
1 3 5 
	2 # Pilas
	 Before Draw (1)
3 5 10 5 8 9 8 7 10 10 10 1 2 10 1 10 2 8 9 1 9 7 7 6 5 10 10 10 1 10 10 8 7 2 10 10 6 9 10 10 5 10 10 8 2 4 3 7 
	 After Draw(0)
6 3 5 10 5 8 9 8 7 10 10 10 1 2 10 1 10 2 8 9 1 9 7 7 6 5 10 10 10 1 10 10 8 7 2 10 10 6 9 10 10 5 10 10 8 2 4 3 7 
	2 # Pilas
	 Before Draw (0)
1 3 5 
	 After Draw(18446744073709551615)
10 1 3 5 
	2 # Pilas
	 Before Draw (18446744073709551615)
6 3 5 10 5 8 9 8 7 10 10 10 1 2 10 1 10 2 8 9 1 9 7 7 6 5 10 10 10 1 10 10 8 7 2 10 10 6 9 10 10 5 10 10 8 2 4 3 7 
	 After Draw(18446744073709551614)
4 6 3 5 10 5 8 9 8 7 10 10 10 1 2 10 1 10 2 8 9 1 9 7 7 6 5 10 10 10 1 10 10 8 7 2 10 10 6 9 10 10 5 10 10 8 2 4 3 7 
	2 # Pilas
	 Before Draw (18446744073709551614)
10 1 3 5 
	 After Draw(18446744073709551613)
4 10 1 3 5 
	2 # Pilas
	 Before Draw (18446744073709551613)
4 6 3 5 10 5 8 9 8 7 10 10 10 1 2 10 1 10 2 8 9 1 9 7 7 6 5 10 10 10 1 10 10 8 7 2 10 10 6 9 10 10 5 10 10 8 2 4 3 7 
	 After Draw(18446744073709551612)
5 4 6 3 5 10 5 8 9 8 7 10 10 10 1 2 10 1 10 2 8 9 1 9 7 7 6 5 10 10 10 1 10 10 8 7 2 10 10 6 9 10 10 5 10 10 8 2 4 3 7 
	2 # Pilas
	 Before Draw (18446744073709551612)
4 10 1 3 5 
	 After Draw(18446744073709551611)
1 4 10 1 3 5 
#1 Number matched with 1 4 5
	2 # Pilas
	 Before Draw (18446744073709551614)
5 4 6 3 5 10 5 8 9 8 7 10 10 10 1 2 10 1 10 2 8 9 1 9 7 7 6 5 10 10 10 1 10 10 8 7 2 10 10 6 9 10 10 5 10 10 8 2 4 3 7 
	 After Draw(18446744073709551613)
2 5 4 6 3 5 10 5 8 9 8 7 10 10 10 1 2 10 1 10 2 8 9 1 9 7 7 6 5 10 10 10 1 10 10 8 7 2 10 10 6 9 10 10 5 10 10 8 2 4 3 7 
	2 # Pilas
	 Before Draw (18446744073709551613)
10 1 3 
	 After Draw(18446744073709551612)
10 10 1 3 
	2 # Pilas
	 Before Draw (18446744073709551612)
2 5 4 6 3 5 10 5 8 9 8 7 10 10 10 1 2 10 1 10 2 8 9 1 9 7 7 6 5 10 10 10 1 10 10 8 7 2 10 10 6 9 10 10 5 10 10 8 2 4 3 7 
	 After Draw(18446744073709551611)
8 2 5 4 6 3 5 10 5 8 9 8 7 10 10 10 1 2 10 1 10 2 8 9 1 9 7 7 6 5 10 10 10 1 10 10 8 7 2 10 10 6 9 10 10 5 10 10 8 2 4 3 7 
	2 # Pilas
	 Before Draw (18446744073709551611)
10 10 1 3 
	 After Draw(18446744073709551610)
10 10 10 1 3 
	2 # Pilas
	 Before Draw (18446744073709551610)
8 2 5 4 6 3 5 10 5 8 9 8 7 10 10 10 1 2 10 1 10 2 8 9 1 9 7 7 6 5 10 10 10 1 10 10 8 7 2 10 10 6 9 10 10 5 10 10 8 2 4 3 7 
	 After Draw(18446744073709551609)
10 8 2 5 4 6 3 5 10 5 8 9 8 7 10 10 10 1 2 10 1 10 2 8 9 1 9 7 7 6 5 10 10 10 1 10 10 8 7 2 10 10 6 9 10 10 5 10 10 8 2 4 3 7 
#2 Number matched with 10 3 7
	2 # Pilas
	 Before Draw (18446744073709551612)
10 10 10 1 3 
	 After Draw(18446744073709551611)
10 10 10 10 1 3 
	2 # Pilas
	 Before Draw (18446744073709551611)
8 2 5 4 6 3 5 10 5 8 9 8 7 10 10 10 1 2 10 1 10 2 8 9 1 9 7 7 6 5 10 10 10 1 10 10 8 7 2 10 10 6 9 10 10 5 10 10 8 2 4 
	 After Draw(18446744073709551610)
10 8 2 5 4 6 3 5 10 5 8 9 8 7 10 10 10 1 2 10 1 10 2 8 9 1 9 7 7 6 5 10 10 10 1 10 10 8 7 2 10 10 6 9 10 10 5 10 10 8 2 4 
	2 # Pilas
	 Before Draw (18446744073709551610)
10 10 10 10 1 3 
	 After Draw(18446744073709551609)
5 10 10 10 10 1 3 
	2 # Pilas
	 Before Draw (18446744073709551609)
10 8 2 5 4 6 3 5 10 5 8 9 8 7 10 10 10 1 2 10 1 10 2 8 9 1 9 7 7 6 5 10 10 10 1 10 10 8 7 2 10 10 6 9 10 10 5 10 10 8 2 4 
	 After Draw(18446744073709551608)
5 10 8 2 5 4 6 3 5 10 5 8 9 8 7 10 10 10 1 2 10 1 10 2 8 9 1 9 7 7 6 5 10 10 10 1 10 10 8 7 2 10 10 6 9 10 10 5 10 10 8 2 4 
	2 # Pilas
	 Before Draw (18446744073709551608)
5 10 10 10 10 1 3 
	 After Draw(18446744073709551607)
5 5 10 10 10 10 1 3 
	2 # Pilas
	 Before Draw (18446744073709551607)
5 10 8 2 5 4 6 3 5 10 5 8 9 8 7 10 10 10 1 2 10 1 10 2 8 9 1 9 7 7 6 5 10 10 10 1 10 10 8 7 2 10 10 6 9 10 10 5 10 10 8 2 4 
	 After Draw(18446744073709551606)
10 5 10 8 2 5 4 6 3 5 10 5 8 9 8 7 10 10 10 1 2 10 1 10 2 8 9 1 9 7 7 6 5 10 10 10 1 10 10 8 7 2 10 10 6 9 10 10 5 10 10 8 2 4 
	2 # Pilas
	 Before Draw (18446744073709551606)
5 5 10 10 10 10 1 3 
