pushing pos 6 6 with dir LU
pushing pos 7 6 with dir U
pushing pos 6 7 with dir L
pushing pos 5 5 with dir LU
pushing pos 6 5 with dir U
pushing pos 7 5 with dir RU
pushing pos 7 6 with dir R
pushing pos 7 7 with dir RD
pushing pos 6 7 with dir D
pushing pos 5 7 with dir LU
pushing pos 5 6 with dir L
pushing pos 6 5 with dir LU
pushing pos 7 5 with dir U
pushing pos 7 7 with dir D
pushing pos 6 7 with dir LU
pushing pos 6 6 with dir L
pushing pos 5 6 with dir LU
pushing pos 6 6 with dir U
pushing pos 7 6 with dir RU
pushing pos 7 7 with dir R
pushing pos 5 7 with dir L
pushing pos 4 4 with dir LU
pushing pos 5 4 with dir U
pushing pos 6 4 with dir RU
pushing pos 6 5 with dir R
pushing pos 6 6 with dir RD
pushing pos 5 6 with dir D
pushing pos 4 6 with dir LU
pushing pos 4 5 with dir L
pushing pos 5 4 with dir LU
pushing pos 6 4 with dir U
pushing pos 7 4 with dir RU
pushing pos 7 5 with dir R
pushing pos 7 6 with dir RD
pushing pos 6 6 with dir D
pushing pos 5 6 with dir LU
pushing pos 5 5 with dir L
pushing pos 6 4 with dir LU
pushing pos 7 4 with dir U
pushing pos 7 6 with dir D
pushing pos 6 6 with dir LU
pushing pos 6 5 with dir L
pushing pos 4 6 with dir LU
pushing pos 5 6 with dir U
pushing pos 6 6 with dir RU
pushing pos 6 7 with dir R
pushing pos 4 7 with dir L
pushing pos 4 5 with dir LU
pushing pos 5 5 with dir U
pushing pos 6 5 with dir RU
pushing pos 6 6 with dir R
pushing pos 6 7 with dir RD
pushing pos 5 7 with dir D
pushing pos 4 7 with dir LU
pushing pos 4 6 with dir L
pushing pos 3 3 with dir LU
pushing pos 4 3 with dir U
pushing pos 5 3 with dir RU
pushing pos 5 4 with dir R
pushing pos 5 5 with dir RD
pushing pos 4 5 with dir D
pushing pos 3 5 with dir LU
pushing pos 3 4 with dir L
pushing pos 4 3 with dir LU
pushing pos 5 3 with dir U
pushing pos 6 3 with dir RU
pushing pos 6 4 with dir R
pushing pos 6 5 with dir RD
pushing pos 5 5 with dir D
pushing pos 4 5 with dir LU
pushing pos 4 4 with dir L
pushing pos 5 3 with dir LU
pushing pos 6 3 with dir U
pushing pos 7 3 with dir RU
pushing pos 7 4 with dir R
pushing pos 7 5 with dir RD
pushing pos 6 5 with dir D
pushing pos 5 5 with dir LU
pushing pos 5 4 with dir L
pushing pos 3 5 with dir LU
pushing pos 4 5 with dir U
pushing pos 5 5 with dir RU
pushing pos 5 6 with dir R
pushing pos 5 7 with dir RD
pushing pos 4 7 with dir D
pushing pos 3 7 with dir LU
pushing pos 3 6 with dir L
pushing pos 3 4 with dir LU
pushing pos 4 4 with dir U
pushing pos 5 4 with dir RU
pushing pos 5 5 with dir R
pushing pos 5 6 with dir RD
pushing pos 4 6 with dir D
pushing pos 3 6 with dir LU
pushing pos 3 5 with dir L
pushing pos 6 3 with dir LU
pushing pos 7 3 with dir U
pushing pos 7 5 with dir D
pushing pos 6 5 with dir LU
pushing pos 6 4 with dir L
pushing pos 3 6 with dir LU
pushing pos 4 6 with dir U
pushing pos 5 6 with dir RU
pushing pos 5 7 with dir R
pushing pos 3 7 with dir L
pushing pos 2 2 with dir LU
pushing pos 3 2 with dir U
pushing pos 4 2 with dir RU
pushing pos 4 3 with dir R
pushing pos 4 4 with dir RD
pushing pos 3 4 with dir D
pushing pos 2 4 with dir LU
pushing pos 2 3 with dir L
pushing pos 3 2 with dir LU
pushing pos 4 2 with dir U
pushing pos 5 2 with dir RU
pushing pos 5 3 with dir R
pushing pos 5 4 with dir RD
pushing pos 4 4 with dir D
pushing pos 3 4 with dir LU
pushing pos 3 3 with dir L
pushing pos 4 2 with dir LU
pushing pos 5 2 with dir U
pushing pos 6 2 with dir RU
pushing pos 6 3 with dir R
pushing pos 6 4 with dir RD
pushing pos 5 4 with dir D
pushing pos 4 4 with dir LU
pushing pos 4 3 with dir L
pushing pos 2 4 with dir LU
pushing pos 3 4 with dir U
pushing pos 4 4 with dir RU
pushing pos 4 5 with dir R
pushing pos 4 6 with dir RD
pushing pos 3 6 with dir D
pushing pos 2 6 with dir LU
pushing pos 2 5 with dir L
pushing pos 2 3 with dir LU
pushing pos 3 3 with dir U
pushing pos 4 3 with dir RU
pushing pos 4 4 with dir R
pushing pos 4 5 with dir RD
pushing pos 3 5 with dir D
pushing pos 2 5 with dir LU
pushing pos 2 4 with dir L
pushing pos 5 2 with dir LU
pushing pos 6 2 with dir U
pushing pos 7 2 with dir RU
pushing pos 7 3 with dir R
pushing pos 7 4 with dir RD
pushing pos 6 4 with dir D
pushing pos 5 4 with dir LU
pushing pos 5 3 with dir L
pushing pos 6 2 with dir LU
pushing pos 7 2 with dir U
pushing pos 7 4 with dir D
pushing pos 6 4 with dir LU
pushing pos 6 3 with dir L
pushing pos 2 6 with dir LU
pushing pos 3 6 with dir U
pushing pos 4 6 with dir RU
pushing pos 4 7 with dir R
pushing pos 2 7 with dir L
pushing pos 2 5 with dir LU
pushing pos 3 5 with dir U
pushing pos 4 5 with dir RU
pushing pos 4 6 with dir R
pushing pos 4 7 with dir RD
pushing pos 3 7 with dir D
pushing pos 2 7 with dir LU
pushing pos 2 6 with dir L
pushing pos 1 1 with dir LU
pushing pos 2 1 with dir U
pushing pos 3 1 with dir RU
pushing pos 3 2 with dir R
pushing pos 3 3 with dir RD
pushing pos 2 3 with dir D
pushing pos 1 3 with dir LU
pushing pos 1 2 with dir L
pushing pos 2 1 with dir LU
pushing pos 3 1 with dir U
pushing pos 4 1 with dir RU
pushing pos 4 2 with dir R
pushing pos 4 3 with dir RD
pushing pos 3 3 with dir D
pushing pos 2 3 with dir LU
pushing pos 2 2 with dir L
pushing pos 3 1 with dir LU
pushing pos 4 1 with dir U
pushing pos 5 1 with dir RU
pushing pos 5 2 with dir R
pushing pos 5 3 with dir RD
pushing pos 4 3 with dir D
pushing pos 3 3 with dir LU
pushing pos 3 2 with dir L
pushing pos 1 3 with dir LU
pushing pos 2 3 with dir U
pushing pos 3 3 with dir RU
pushing pos 3 4 with dir R
pushing pos 3 5 with dir RD
pushing pos 2 5 with dir D
pushing pos 1 5 with dir LU
pushing pos 1 4 with dir L
pushing pos 1 2 with dir LU
pushing pos 2 2 with dir U
pushing pos 3 2 with dir RU
pushing pos 3 3 with dir R
pushing pos 3 4 with dir RD
pushing pos 2 4 with dir D
pushing pos 1 4 with dir LU
pushing pos 1 3 with dir L
pushing pos 4 1 with dir LU
pushing pos 5 1 with dir U
pushing pos 6 1 with dir RU
pushing pos 6 2 with dir R
pushing pos 6 3 with dir RD
pushing pos 5 3 with dir D
pushing pos 4 3 with dir LU
pushing pos 4 2 with dir L
pushing pos 5 1 with dir LU
pushing pos 6 1 with dir U
pushing pos 7 1 with dir RU
pushing pos 7 2 with dir R
pushing pos 7 3 with dir RD
pushing pos 6 3 with dir D
pushing pos 5 3 with dir LU
pushing pos 5 2 with dir L
pushing pos 1 5 with dir LU
pushing pos 2 5 with dir U
pushing pos 3 5 with dir RU
pushing pos 3 6 with dir R
pushing pos 3 7 with dir RD
pushing pos 2 7 with dir D
pushing pos 1 7 with dir LU
pushing pos 1 6 with dir L
pushing pos 1 4 with dir LU
pushing pos 2 4 with dir U
pushing pos 3 4 with dir RU
pushing pos 3 5 with dir R
pushing pos 3 6 with dir RD
pushing pos 2 6 with dir D
pushing pos 1 6 with dir LU
pushing pos 1 5 with dir L
pushing pos 6 1 with dir LU
pushing pos 7 1 with dir U
pushing pos 7 3 with dir D
pushing pos 6 3 with dir LU
pushing pos 6 2 with dir L
pushing pos 1 6 with dir LU
pushing pos 2 6 with dir U
pushing pos 3 6 with dir RU
pushing pos 3 7 with dir R
pushing pos 1 7 with dir L
pushing pos 0 0 with dir LU
pushing pos 1 0 with dir U
pushing pos 2 0 with dir RU
pushing pos 2 1 with dir R
pushing pos 2 2 with dir RD
pushing pos 1 2 with dir D
pushing pos 0 2 with dir LU
pushing pos 0 1 with dir L
pushing pos 1 0 with dir LU
pushing pos 2 0 with dir U
pushing pos 3 0 with dir RU
pushing pos 3 1 with dir R
pushing pos 3 2 with dir RD
pushing pos 2 2 with dir D
pushing pos 1 2 with dir LU
pushing pos 1 1 with dir L
pushing pos 2 0 with dir LU
pushing pos 3 0 with dir U
pushing pos 4 0 with dir RU
pushing pos 4 1 with dir R
pushing pos 4 2 with dir RD
pushing pos 3 2 with dir D
pushing pos 2 2 with dir LU
pushing pos 2 1 with dir L
pushing pos 0 2 with dir LU
pushing pos 1 2 with dir U
pushing pos 2 2 with dir RU
pushing pos 2 3 with dir R
pushing pos 2 4 with dir RD
pushing pos 1 4 with dir D
pushing pos 0 4 with dir LU
pushing pos 0 3 with dir L
pushing pos 0 1 with dir LU
pushing pos 1 1 with dir U
pushing pos 2 1 with dir RU
pushing pos 2 2 with dir R
pushing pos 2 3 with dir RD
pushing pos 1 3 with dir D
pushing pos 0 3 with dir LU
pushing pos 0 2 with dir L
pushing pos 3 0 with dir LU
pushing pos 4 0 with dir U
pushing pos 5 0 with dir RU
pushing pos 5 1 with dir R
pushing pos 5 2 with dir RD
pushing pos 4 2 with dir D
pushing pos 3 2 with dir LU
pushing pos 3 1 with dir L
pushing pos 4 0 with dir LU
pushing pos 5 0 with dir U
pushing pos 6 0 with dir RU
pushing pos 6 1 with dir R
pushing pos 6 2 with dir RD
pushing pos 5 2 with dir D
pushing pos 4 2 with dir LU
pushing pos 4 1 with dir L
pushing pos 0 4 with dir LU
pushing pos 1 4 with dir U
pushing pos 2 4 with dir RU
pushing pos 2 5 with dir R
pushing pos 2 6 with dir RD
pushing pos 1 6 with dir D
pushing pos 0 6 with dir LU
pushing pos 0 5 with dir L
pushing pos 0 3 with dir LU
pushing pos 1 3 with dir U
pushing pos 2 3 with dir RU
pushing pos 2 4 with dir R
pushing pos 2 5 with dir RD
pushing pos 1 5 with dir D
pushing pos 0 5 with dir LU
pushing pos 0 4 with dir L
pushing pos 5 0 with dir LU
pushing pos 6 0 with dir U
pushing pos 7 0 with dir RU
pushing pos 7 1 with dir R
pushing pos 7 2 with dir RD
pushing pos 6 2 with dir D
pushing pos 5 2 with dir LU
pushing pos 5 1 with dir L
pushing pos 6 0 with dir LU
pushing pos 7 0 with dir U
pushing pos 7 2 with dir D
pushing pos 6 2 with dir LU
pushing pos 6 1 with dir L
pushing pos 0 6 with dir LU
pushing pos 1 6 with dir U
pushing pos 2 6 with dir RU
pushing pos 2 7 with dir R
pushing pos 0 7 with dir L
pushing pos 0 5 with dir LU
pushing pos 1 5 with dir U
pushing pos 2 5 with dir RU
pushing pos 2 6 with dir R
pushing pos 2 7 with dir RD
pushing pos 1 7 with dir D
pushing pos 0 7 with dir LU
pushing pos 0 6 with dir L
pushing pos 1 0 with dir R
pushing pos 1 1 with dir RD
pushing pos 0 1 with dir D
pushing pos 2 0 with dir R
pushing pos 2 1 with dir RD
pushing pos 1 1 with dir D
pushing pos 0 1 with dir LU
pushing pos 0 0 with dir L
pushing pos 3 0 with dir R
pushing pos 3 1 with dir RD
pushing pos 2 1 with dir D
pushing pos 1 1 with dir LU
pushing pos 1 0 with dir L
pushing pos 0 1 with dir U
pushing pos 1 1 with dir RU
pushing pos 1 2 with dir R
pushing pos 1 3 with dir RD
pushing pos 0 3 with dir D
pushing pos 0 0 with dir U
pushing pos 1 0 with dir RU
pushing pos 1 1 with dir R
pushing pos 1 2 with dir RD
pushing pos 0 2 with dir D
pushing pos 4 0 with dir R
pushing pos 4 1 with dir RD
pushing pos 3 1 with dir D
pushing pos 2 1 with dir LU
pushing pos 2 0 with dir L
pushing pos 5 0 with dir R
pushing pos 5 1 with dir RD
pushing pos 4 1 with dir D
pushing pos 3 1 with dir LU
pushing pos 3 0 with dir L
pushing pos 0 3 with dir U
pushing pos 1 3 with dir RU
pushing pos 1 4 with dir R
pushing pos 1 5 with dir RD
pushing pos 0 5 with dir D
pushing pos 0 2 with dir U
pushing pos 1 2 with dir RU
pushing pos 1 3 with dir R
pushing pos 1 4 with dir RD
pushing pos 0 4 with dir D
pushing pos 6 0 with dir R
pushing pos 6 1 with dir RD
pushing pos 5 1 with dir D
pushing pos 4 1 with dir LU
pushing pos 4 0 with dir L
pushing pos 7 0 with dir R
pushing pos 7 1 with dir RD
pushing pos 6 1 with dir D
pushing pos 5 1 with dir LU
pushing pos 5 0 with dir L
pushing pos 0 5 with dir U
pushing pos 1 5 with dir RU
pushing pos 1 6 with dir R
pushing pos 1 7 with dir RD
pushing pos 0 7 with dir D
pushing pos 0 4 with dir U
pushing pos 1 4 with dir RU
pushing pos 1 5 with dir R
pushing pos 1 6 with dir RD
pushing pos 0 6 with dir D
pushing pos 7 1 with dir D
pushing pos 6 1 with dir LU
pushing pos 6 0 with dir L
pushing pos 0 6 with dir U
pushing pos 1 6 with dir RU
pushing pos 1 7 with dir R
7 7
1 6
LU U RU RU RU RU RU RU 
L LU U RU RU RU RU RU 
LU L LU U RU RU RU RU 
L LU L LU U RU RU RU 
LU L LU L LU U RU RU 
L LU L LU L LU U RU 
LU L LU L LU L LU U 
L LU L LU L LU L 0 
found dir L moving to 2 6
found dir LU moving to 3 7
found dir LU moving to 4 8
